\BOOKMARK [1][-]{section.1}{Motivation}{}% 1
\BOOKMARK [1][-]{section.2}{Theoretischer Rahmen}{}% 2
\BOOKMARK [2][-]{subsection.2.1}{Einf\374hrung}{section.2}% 3
\BOOKMARK [2][-]{subsection.2.2}{Bedarfserkennung von Software}{section.2}% 4
\BOOKMARK [3][-]{subsubsection.2.2.1}{Relevante Systeme eines autonomen Fahrzeugs in der Bedarfserkennung}{subsection.2.2}% 5
\BOOKMARK [3][-]{subsubsection.2.2.2}{Eine geeignete Kommunikationsgrundlage: OpenSCENARIO}{subsection.2.2}% 6
\BOOKMARK [3][-]{subsubsection.2.2.3}{Software-User-Pattern-Recognizer [SUPR] im Rahmen der Bedarfserkennung}{subsection.2.2}% 7
\BOOKMARK [2][-]{subsection.2.3}{Bereitstellung von Software}{section.2}% 8
\BOOKMARK [3][-]{subsubsection.2.3.1}{OTA-Aktualisierungen mit UPTANE}{subsection.2.3}% 9
\BOOKMARK [3][-]{subsubsection.2.3.2}{Anpassung von UPTANE Architektur}{subsection.2.3}% 10
\BOOKMARK [3][-]{subsubsection.2.3.3}{SUPR im Rahmen der Softwarebereitstellung}{subsection.2.3}% 11
\BOOKMARK [3][-]{subsubsection.2.3.4}{Die Mensch-Maschine-Schnittstelle}{subsection.2.3}% 12
\BOOKMARK [2][-]{subsection.2.4}{Technologie- und Methodik-Scouting}{section.2}% 13
\BOOKMARK [3][-]{subsubsection.2.4.1}{Arbeitsmethodik: User-Centered-Design}{subsection.2.4}% 14
\BOOKMARK [3][-]{subsubsection.2.4.2}{Tech-Scouting}{subsection.2.4}% 15
\BOOKMARK [2][-]{subsection.2.5}{Ausblick und erstes Konzept der praktischen Umsetzung}{section.2}% 16
\BOOKMARK [1][-]{section.3}{\334berleitung}{}% 17
\BOOKMARK [2][-]{subsection.3.1}{Eingrenzung des Themenbereichs}{section.3}% 18
\BOOKMARK [2][-]{subsection.3.2}{Weiteres Vorgehen}{section.3}% 19
\BOOKMARK [1][-]{section.4}{Der Markt neuer Fahrumf\344nge}{}% 20
\BOOKMARK [2][-]{subsection.4.1}{Business Model Canvas}{section.4}% 21
\BOOKMARK [3][-]{subsubsection.4.1.1}{Kundensegmente}{subsection.4.1}% 22
\BOOKMARK [3][-]{subsubsection.4.1.2}{Kundenbeziehungen}{subsection.4.1}% 23
\BOOKMARK [3][-]{subsubsection.4.1.3}{Marketingkan\344le}{subsection.4.1}% 24
\BOOKMARK [3][-]{subsubsection.4.1.4}{Nutzenversprechen}{subsection.4.1}% 25
\BOOKMARK [3][-]{subsubsection.4.1.5}{Einnahmequellen}{subsection.4.1}% 26
\BOOKMARK [3][-]{subsubsection.4.1.6}{Schl\374sselressourcen}{subsection.4.1}% 27
\BOOKMARK [3][-]{subsubsection.4.1.7}{Schl\374sselaktivit\344ten}{subsection.4.1}% 28
\BOOKMARK [3][-]{subsubsection.4.1.8}{Schl\374sselpartner}{subsection.4.1}% 29
\BOOKMARK [3][-]{subsubsection.4.1.9}{Kostenstruktur}{subsection.4.1}% 30
\BOOKMARK [2][-]{subsection.4.2}{Konzept einer Wertsch\366pfungskette}{section.4}% 31
\BOOKMARK [3][-]{subsubsection.4.2.1}{Prim\344re Aktivit\344ten}{subsection.4.2}% 32
\BOOKMARK [3][-]{subsubsection.4.2.2}{Unterst\374tzende Aktivit\344ten}{subsection.4.2}% 33
\BOOKMARK [2][-]{subsection.4.3}{Absatzprozess im Kontext von automatisierten Parken}{section.4}% 34
\BOOKMARK [2][-]{subsection.4.4}{Zusammenfassung}{section.4}% 35
\BOOKMARK [1][-]{section.5}{Technische Konzepte}{}% 36
\BOOKMARK [2][-]{subsection.5.1}{Klassifizierung von Software}{section.5}% 37
\BOOKMARK [2][-]{subsection.5.2}{Kommunikationsprotokoll}{section.5}% 38
\BOOKMARK [1][-]{section.6}{Vorstellung des Prototypen}{}% 39
\BOOKMARK [2][-]{subsection.6.1}{Architektur des Prototypen}{section.6}% 40
\BOOKMARK [2][-]{subsection.6.2}{Installation}{section.6}% 41
\BOOKMARK [2][-]{subsection.6.3}{Funktionen und Nutzung des Prototypen}{section.6}% 42
\BOOKMARK [2][-]{subsection.6.4}{Analyse der Prototypen und Ausblicke der Weiterentwicklung}{section.6}% 43
\BOOKMARK [1][-]{section.7}{Resum\351}{}% 44
\BOOKMARK [1][-]{section.8}{Ausblick}{}% 45
